<?xml version="1.0" encoding="UTF-8"?>
<!-- Generated by org.testng.reporters.JUnitReportReporter -->
<testsuite hostname="LAPTOP-4NL42U64" failures="0" tests="1" name="driverFactory.AppTest" time="11.372" errors="0" timestamp="2024-11-13T13:17:16 IST" skipped="0">
  <testcase classname="driverFactory.AppTest" name="kickStart" time="11.372"/>
</testsuite> <!-- driverFactory.AppTest -->
